Apr-03 16:40:53.938 [main] DEBUG nextflow.cli.Launcher - $> nextflow run /mnt/c/Users/KIIT/Downloads/rnaseq-nf/rnaseq-nf/main.nf -resume
Apr-03 16:40:54.206 [main] INFO  nextflow.cli.CmdRun - N E X T F L O W  ~  version 22.10.6
Apr-03 16:40:54.246 [main] DEBUG nextflow.plugin.PluginsFacade - Setting up plugin manager > mode=prod; embedded=false; plugins-dir=/home/sejyotiarna/.nextflow/plugins; core-plugins: nf-amazon@1.11.3,nf-azure@0.14.2,nf-codecommit@0.1.2,nf-console@1.0.4,nf-ga4gh@1.0.4,nf-google@1.4.5,nf-tower@1.5.6,nf-wave@0.5.3
Apr-03 16:40:54.280 [main] INFO  org.pf4j.DefaultPluginStatusProvider - Enabled plugins: []
Apr-03 16:40:54.291 [main] INFO  org.pf4j.DefaultPluginStatusProvider - Disabled plugins: []
Apr-03 16:40:54.299 [main] INFO  org.pf4j.DefaultPluginManager - PF4J version 3.4.1 in 'deployment' mode
Apr-03 16:40:54.353 [main] INFO  org.pf4j.AbstractPluginManager - No plugins
Apr-03 16:40:54.383 [main] DEBUG nextflow.config.ConfigBuilder - Found config base: /mnt/c/Users/KIIT/Downloads/rnaseq-nf/rnaseq-nf/nextflow.config
Apr-03 16:40:54.386 [main] DEBUG nextflow.config.ConfigBuilder - Parsing config file: /mnt/c/Users/KIIT/Downloads/rnaseq-nf/rnaseq-nf/nextflow.config
Apr-03 16:40:54.431 [main] DEBUG nextflow.config.ConfigBuilder - Applying config profile: `standard`
Apr-03 16:40:55.642 [main] DEBUG nextflow.cli.CmdRun - Applied DSL=2 from script declararion
Apr-03 16:40:55.678 [main] INFO  nextflow.cli.CmdRun - Launching `/mnt/c/Users/KIIT/Downloads/rnaseq-nf/rnaseq-nf/main.nf` [disturbed_spence] DSL2 - revision: fd25deba69
Apr-03 16:40:55.679 [main] DEBUG nextflow.plugin.PluginsFacade - Plugins default=[]
Apr-03 16:40:55.680 [main] DEBUG nextflow.plugin.PluginsFacade - Plugins resolved requirement=[]
Apr-03 16:40:55.693 [main] DEBUG nextflow.secret.LocalSecretsProvider - Secrets store: /home/sejyotiarna/.nextflow/secrets/store.json
Apr-03 16:40:55.699 [main] DEBUG nextflow.secret.SecretsLoader - Discovered secrets providers: [nextflow.secret.LocalSecretsProvider@5ea4300e] - activable => nextflow.secret.LocalSecretsProvider@5ea4300e
Apr-03 16:40:55.797 [main] DEBUG nextflow.Session - Session UUID: cfea551e-abb8-4e04-9741-2805dc4bf790
Apr-03 16:40:55.798 [main] DEBUG nextflow.Session - Run name: disturbed_spence
Apr-03 16:40:55.799 [main] DEBUG nextflow.Session - Executor pool size: 8
Apr-03 16:40:55.813 [main] DEBUG nextflow.util.ThreadPoolBuilder - Creating thread pool 'FileTransfer' minSize=10; maxSize=24; workQueue=LinkedBlockingQueue[10000]; allowCoreThreadTimeout=false
Apr-03 16:40:55.866 [main] DEBUG nextflow.cli.CmdRun - 
  Version: 22.10.6 build 5843
  Created: 23-01-2023 23:20 UTC (24-01-2023 04:50 IDT)
  System: Linux 5.15.90.1-microsoft-standard-WSL2
  Runtime: Groovy 3.0.13 on OpenJDK 64-Bit Server VM 11.0.17+8-post-Ubuntu-1ubuntu222.04
  Encoding: UTF-8 (UTF-8)
  Process: 6215@sejyotiarna [127.0.1.1]
  CPUs: 8 - Mem: 3.8 GB (110.6 MB) - Swap: 1 GB (933.8 MB)
Apr-03 16:40:55.959 [main] DEBUG nextflow.Session - Work-dir: /mnt/c/Users/KIIT/Downloads/rnaseq-nf/work [v9fs]
Apr-03 16:40:56.012 [main] DEBUG nextflow.executor.ExecutorFactory - Extension executors providers=[]
Apr-03 16:40:56.029 [main] DEBUG nextflow.Session - Observer factory: DefaultObserverFactory
Apr-03 16:40:56.060 [main] DEBUG nextflow.cache.CacheFactory - Using Nextflow cache factory: nextflow.cache.DefaultCacheFactory
Apr-03 16:40:56.078 [main] DEBUG nextflow.util.CustomThreadPool - Creating default thread pool > poolSize: 9; maxThreads: 1000
Apr-03 16:40:56.386 [main] DEBUG nextflow.Session - Session start
Apr-03 16:40:56.675 [main] DEBUG nextflow.script.ScriptRunner - > Launching execution
Apr-03 16:40:56.696 [main] INFO  nextflow.Nextflow -  RNAseq-nf pipeline
 ===================
 transcriptome: /mnt/c/Users/KIIT/Downloads/rnaseq-nf/rnaseq-nf/data/ggal/ggal_1_48850000_49020000.Ggal71.500bpflank.fa
 reads        : /mnt/c/Users/KIIT/Downloads/rnaseq-nf/rnaseq-nf/data/ggal/ggal_gut_{1,2}.fq
 outdir       : results

Apr-03 16:40:57.362 [main] DEBUG nextflow.executor.ExecutorFactory - << taskConfig executor: null
Apr-03 16:40:57.363 [main] DEBUG nextflow.executor.ExecutorFactory - >> processorType: 'local'
Apr-03 16:40:57.373 [main] DEBUG nextflow.executor.Executor - [warm up] executor > local
Apr-03 16:40:57.381 [main] DEBUG n.processor.LocalPollingMonitor - Creating local task monitor for executor 'local' > cpus=8; memory=3.8 GB; capacity=8; pollInterval=100ms; dumpInterval=5m
Apr-03 16:40:57.497 [main] DEBUG nextflow.executor.ExecutorFactory - << taskConfig executor: null
Apr-03 16:40:57.498 [main] DEBUG nextflow.executor.ExecutorFactory - >> processorType: 'local'
Apr-03 16:40:57.506 [main] DEBUG nextflow.executor.ExecutorFactory - << taskConfig executor: null
Apr-03 16:40:57.507 [main] DEBUG nextflow.executor.ExecutorFactory - >> processorType: 'local'
Apr-03 16:40:57.538 [main] DEBUG nextflow.executor.ExecutorFactory - << taskConfig executor: null
Apr-03 16:40:57.538 [main] DEBUG nextflow.executor.ExecutorFactory - >> processorType: 'local'
Apr-03 16:40:57.543 [main] DEBUG nextflow.Session - Workflow process names [dsl2]: FASTQC, RNASEQ:INDEX, RNASEQ:QUANT, MULTIQC, INDEX, RNASEQ:FASTQC, QUANT
Apr-03 16:40:57.545 [main] DEBUG nextflow.Session - Igniting dataflow network (5)
Apr-03 16:40:57.556 [PathVisitor-1] DEBUG nextflow.file.PathVisitor - files for syntax: glob; folder: /mnt/c/Users/KIIT/Downloads/rnaseq-nf/rnaseq-nf/data/ggal/; pattern: ggal_gut_{1,2}.fq; options: [checkIfExists:true]
Apr-03 16:40:57.558 [main] DEBUG nextflow.processor.TaskProcessor - Starting process > RNASEQ:INDEX
Apr-03 16:40:57.561 [main] DEBUG nextflow.processor.TaskProcessor - Starting process > RNASEQ:FASTQC
Apr-03 16:40:57.566 [main] DEBUG nextflow.processor.TaskProcessor - Starting process > RNASEQ:QUANT
Apr-03 16:40:57.572 [main] DEBUG nextflow.processor.TaskProcessor - Starting process > MULTIQC
Apr-03 16:40:57.575 [main] DEBUG nextflow.script.ScriptRunner - > Awaiting termination 
Apr-03 16:40:57.577 [main] DEBUG nextflow.Session - Session await
Apr-03 16:40:57.969 [Actor Thread 4] INFO  nextflow.processor.TaskProcessor - [b8/a826fa] Cached process > RNASEQ:FASTQC (FASTQC on ggal_gut)
Apr-03 16:40:57.969 [Actor Thread 9] INFO  nextflow.processor.TaskProcessor - [d9/411e75] Cached process > RNASEQ:INDEX (ggal_1_48850000_49020000)
Apr-03 16:40:58.039 [Actor Thread 4] DEBUG nextflow.util.ThreadPoolBuilder - Creating thread pool 'PublishDir' minSize=10; maxSize=24; workQueue=LinkedBlockingQueue[10000]; allowCoreThreadTimeout=false
Apr-03 16:40:58.113 [Actor Thread 2] INFO  nextflow.processor.TaskProcessor - [7a/e228b6] Cached process > RNASEQ:QUANT (ggal_gut)
Apr-03 16:40:58.327 [Task submitter] DEBUG n.executor.local.LocalTaskHandler - Launch cmd line: /bin/bash -ue .command.run
Apr-03 16:40:58.331 [Task submitter] INFO  nextflow.Session - [33/c1ddee] Submitted process > MULTIQC
Apr-03 16:41:24.897 [Task monitor] DEBUG n.processor.TaskPollingMonitor - Task completed > TaskHandler[id: 4; name: MULTIQC; status: COMPLETED; exit: 0; error: -; workDir: /mnt/c/Users/KIIT/Downloads/rnaseq-nf/work/33/c1ddee29270c28abf1aa1dd9ed22d4]
Apr-03 16:41:24.916 [main] DEBUG nextflow.Session - Session await > all processes finished
Apr-03 16:41:24.924 [main] DEBUG nextflow.Session - Session await > all barriers passed
Apr-03 16:41:25.328 [main] DEBUG nextflow.util.ThreadPoolManager - Thread pool 'PublishDir' shutdown completed (hard=false)
Apr-03 16:41:25.332 [main] INFO  nextflow.Nextflow - 
Done! Open the following report in your browser --> results/multiqc_report.html

Apr-03 16:41:25.345 [main] DEBUG nextflow.trace.WorkflowStatsObserver - Workflow completed > WorkflowStats[succeededCount=1; failedCount=0; ignoredCount=0; cachedCount=3; pendingCount=0; submittedCount=0; runningCount=0; retriesCount=0; abortedCount=0; succeedDuration=26.5s; failedDuration=0ms; cachedDuration=17.8s;loadCpus=0; loadMemory=0; peakRunning=1; peakCpus=1; peakMemory=0; ]
Apr-03 16:41:25.543 [main] DEBUG nextflow.cache.CacheDB - Closing CacheDB done
Apr-03 16:41:25.595 [main] DEBUG nextflow.util.ThreadPoolManager - Thread pool 'FileTransfer' shutdown completed (hard=false)
Apr-03 16:41:25.596 [main] DEBUG nextflow.script.ScriptRunner - > Execution complete -- Goodbye
